-------------------------------------------------------------------------------
Test set: TestSuite
-------------------------------------------------------------------------------
Tests run: 3, Failures: 1, Errors: 0, Skipped: 0, Time elapsed: 2.481 s <<< FAILURE! - in TestSuite
test1(testNGPkg.TestNGClass)  Time elapsed: 0.03 s  <<< FAILURE!
java.lang.AssertionError: expected [true] but found [false]
	at testNGPkg.TestNGClass.test1(TestNGClass.java:59)

